<?xml version="1.0" encoding="UTF-8"?>
<!-- Generated by org.testng.reporters.JUnitReportReporter -->
<testsuite skipped="0" hostname="DESKTOP-V0P8TJJ" name="com.selenium.tests.TestCallReport" tests="1" failures="0" timestamp="12 Mar 2019 14:30:36 GMT" time="53.222" errors="0">
  <testcase name="recordACall" time="53.222" classname="com.selenium.tests.TestCallReport"/>
</testsuite> <!-- com.selenium.tests.TestCallReport -->
