<?xml version="1.0" encoding="UTF-8"?>
<!-- Generated by org.testng.reporters.JUnitReportReporter -->
<testsuite skipped="0" hostname="DESKTOP-V0P8TJJ" name="com.selenium.tests.TestCallReport" tests="1" failures="0" timestamp="10 Mar 2019 20:24:32 GMT" time="42.615" errors="0">
  <testcase name="recordACall" time="42.615" classname="com.selenium.tests.TestCallReport"/>
</testsuite> <!-- com.selenium.tests.TestCallReport -->
