<?xml version="1.0" encoding="UTF-8"?>
<!-- Generated by org.testng.reporters.JUnitReportReporter -->
<testsuite skipped="0" hostname="DESKTOP-V0P8TJJ" name="com.selenium.tests.TestCallReport" tests="1" failures="0" timestamp="14 Mar 2019 14:42:34 GMT" time="86.249" errors="0">
  <testcase name="recordACall" time="86.249" classname="com.selenium.tests.TestCallReport"/>
</testsuite> <!-- com.selenium.tests.TestCallReport -->
