<?xml version="1.0" encoding="UTF-8"?>
<!-- Generated by org.testng.reporters.JUnitReportReporter -->
<<<<<<< HEAD
<testsuite skipped="0" hostname="DESKTOP-V0P8TJJ" name="com.selenium.tests.TestCallReport" tests="1" failures="0" timestamp="11 Mar 2019 01:46:22 GMT" time="41.951" errors="0">
  <testcase name="recordACall" time="41.951" classname="com.selenium.tests.TestCallReport"/>
=======
<testsuite skipped="0" hostname="DESKTOP-V0P8TJJ" name="com.selenium.tests.TestCallReport" tests="1" failures="0" timestamp="10 Mar 2019 20:24:32 GMT" time="42.615" errors="0">
  <testcase name="recordACall" time="42.615" classname="com.selenium.tests.TestCallReport"/>
>>>>>>> 9d9b3de3a848fb4e083cdeee6d5f4dad1fd9486b
</testsuite> <!-- com.selenium.tests.TestCallReport -->
